<?xml version="1.0" encoding="UTF-8"?>
<!-- Generated by org.testng.reporters.JUnitReportReporter -->
<testsuite skipped="0" hostname="malli-PC" name="TestNGDemo.PageTitleDemo1" tests="1" failures="0" timestamp="24 May 2022 19:22:15 GMT" time="16.691" errors="0">
  <testcase name="testPageTitle" time="16.691" classname="TestNGDemo.PageTitleDemo1"/>
</testsuite> <!-- TestNGDemo.PageTitleDemo1 -->
