<?xml version="1.0" encoding="UTF-8"?>
<!-- Generated by org.testng.reporters.JUnitReportReporter -->
<testsuite skipped="0" hostname="malli-PC" name="TestNGDemo.WebTableDemo3" tests="1" failures="0" timestamp="24 May 2022 19:45:14 GMT" time="18.567" errors="0">
  <testcase name="selectedName" time="18.567" classname="TestNGDemo.WebTableDemo3"/>
</testsuite> <!-- TestNGDemo.WebTableDemo3 -->
