<?xml version="1.0" encoding="UTF-8"?>
<!-- Generated by org.testng.reporters.JUnitReportReporter -->
<testsuite skipped="0" hostname="malli-PC" name="Migration.CheckBoxDemo2" tests="1" failures="0" timestamp="24 May 2022 16:31:27 GMT" time="11.213" errors="0">
  <testcase name="CheckBoxDemo2Test" time="11.213" classname="Migration.CheckBoxDemo2"/>
</testsuite> <!-- Migration.CheckBoxDemo2 -->
