<?xml version="1.0" encoding="UTF-8"?>
<!-- Generated by org.testng.reporters.JUnitReportReporter -->
<testsuite skipped="0" hostname="malli-PC" name="TestNGDemo.ExplicitWaitDemo1" tests="1" failures="0" timestamp="24 May 2022 19:10:21 GMT" time="18.969" errors="0">
  <testcase name="TestonExplicitWait" time="18.969" classname="TestNGDemo.ExplicitWaitDemo1"/>
</testsuite> <!-- TestNGDemo.ExplicitWaitDemo1 -->
