<?xml version="1.0" encoding="UTF-8"?>
<!-- Generated by org.testng.reporters.JUnitReportReporter -->
<testsuite skipped="0" hostname="malli-PC" name="TestNGDemo.DropDownDemo2" tests="1" failures="0" timestamp="27 May 2022 12:34:01 GMT" time="52.874" errors="0">
  <testcase name="listOfCountries" time="52.874" classname="TestNGDemo.DropDownDemo2"/>
</testsuite> <!-- TestNGDemo.DropDownDemo2 -->
