<?xml version="1.0" encoding="UTF-8"?>
<!-- Generated by org.testng.reporters.JUnitReportReporter -->
<testsuite skipped="0" hostname="malli-PC" name="TestNGDemo.AnnotationsDemo4" tests="1" failures="0" timestamp="16 May 2022 10:01:44 GMT" time="0.003" errors="0">
  <testcase name="funA" time="0.003" classname="TestNGDemo.AnnotationsDemo4"/>
</testsuite> <!-- TestNGDemo.AnnotationsDemo4 -->
