<?xml version="1.0" encoding="UTF-8"?>
<!-- Generated by org.testng.reporters.JUnitReportReporter -->
<testsuite skipped="0" hostname="malli-PC" name="TestNGDemo.PopupWindowDemo1" tests="1" failures="0" timestamp="16 May 2022 15:52:41 GMT" time="45.133" errors="0">
  <testcase name="PopupWindowTset" time="45.133" classname="TestNGDemo.PopupWindowDemo1"/>
</testsuite> <!-- TestNGDemo.PopupWindowDemo1 -->
