<?xml version="1.0" encoding="UTF-8"?>
<!-- Generated by org.testng.reporters.JUnitReportReporter -->
<testsuite skipped="0" hostname="malli-PC" name="TestNGDemo.NewTest" tests="1" failures="0" timestamp="16 May 2022 17:12:44 GMT" time="52.029" errors="0">
  <testcase name="f" time="52.029" classname="TestNGDemo.NewTest"/>
</testsuite> <!-- TestNGDemo.NewTest -->
