<?xml version="1.0" encoding="UTF-8"?>
<!-- Generated by org.testng.reporters.JUnitReportReporter -->
<testsuite skipped="0" hostname="malli-PC" name="Migration.CheckBoxDemo3" tests="1" failures="0" timestamp="11 May 2022 17:36:49 GMT" time="18.711" errors="0">
  <testcase name="TestonCheckBox" time="18.711" classname="Migration.CheckBoxDemo3"/>
</testsuite> <!-- Migration.CheckBoxDemo3 -->
