<?xml version="1.0" encoding="UTF-8"?>
<!-- Generated by org.testng.reporters.JUnitReportReporter -->
<testsuite skipped="0" hostname="malli-PC" name="TestNGDemo.IframeDemo1" tests="1" failures="0" timestamp="24 May 2022 19:12:44 GMT" time="12.544" errors="0">
  <testcase name="iframeTest" time="12.544" classname="TestNGDemo.IframeDemo1"/>
</testsuite> <!-- TestNGDemo.IframeDemo1 -->
