<?xml version="1.0" encoding="UTF-8"?>
<!-- Generated by org.testng.reporters.JUnitReportReporter -->
<testsuite skipped="0" hostname="malli-PC" name="Migration.LabelTestGmailDemo1" tests="1" failures="0" timestamp="11 May 2022 18:53:29 GMT" time="15.175" errors="0">
  <testcase name="LabelTestGmail" time="15.175" classname="Migration.LabelTestGmailDemo1"/>
</testsuite> <!-- Migration.LabelTestGmailDemo1 -->
