<?xml version="1.0" encoding="UTF-8"?>
<!-- Generated by org.testng.reporters.JUnitReportReporter -->
<testsuite skipped="0" hostname="malli-PC" name="TestNGDemo.Pixel" tests="1" failures="0" timestamp="24 May 2022 19:25:36 GMT" time="15.400" errors="0">
  <testcase name="testPixel" time="15.400" classname="TestNGDemo.Pixel"/>
</testsuite> <!-- TestNGDemo.Pixel -->
