<?xml version="1.0" encoding="UTF-8"?>
<!-- Generated by org.testng.reporters.JUnitReportReporter -->
<testsuite skipped="0" hostname="malli-PC" name="TestNGDemo.ExceptionQuite" tests="1" failures="0" timestamp="30 May 2022 07:33:47 GMT" time="83.728" errors="0">
  <testcase name="ExceptionQuiteTest" time="83.728" classname="TestNGDemo.ExceptionQuite"/>
</testsuite> <!-- TestNGDemo.ExceptionQuite -->
