<?xml version="1.0" encoding="UTF-8"?>
<!-- Generated by org.testng.reporters.JUnitReportReporter -->
<testsuite skipped="0" hostname="malli-PC" name="TestNGDemo.PopupWindowDemo2" tests="1" failures="0" timestamp="15 May 2022 04:44:00 GMT" time="49.635" errors="0">
  <testcase name="popupTest" time="49.635" classname="TestNGDemo.PopupWindowDemo2"/>
</testsuite> <!-- TestNGDemo.PopupWindowDemo2 -->
