<?xml version="1.0" encoding="UTF-8"?>
<!-- Generated by org.testng.reporters.JUnitReportReporter -->
<testsuite skipped="0" hostname="malli-PC" name="TestNGDemo.MouseHoverDemo1" tests="1" failures="0" timestamp="24 May 2022 19:19:13 GMT" time="20.249" errors="0">
  <testcase name="TestMouseHover" time="20.249" classname="TestNGDemo.MouseHoverDemo1"/>
</testsuite> <!-- TestNGDemo.MouseHoverDemo1 -->
