<?xml version="1.0" encoding="UTF-8"?>
<!-- Generated by org.testng.reporters.JUnitReportReporter -->
<testsuite skipped="0" hostname="malli-PC" name="TestNGDemo.TestNGXMLDemo1" tests="1" failures="0" timestamp="14 May 2022 18:21:31 GMT" time="0.017" errors="0">
  <testcase name="funA" time="0.017" classname="TestNGDemo.TestNGXMLDemo1"/>
</testsuite> <!-- TestNGDemo.TestNGXMLDemo1 -->
