<?xml version="1.0" encoding="UTF-8"?>
<!-- Generated by org.testng.reporters.JUnitReportReporter -->
<testsuite skipped="0" hostname="malli-PC" name="TestNGDemo.DragAndDropDemo1" tests="1" failures="0" timestamp="24 May 2022 19:01:24 GMT" time="14.674" errors="0">
  <testcase name="ActionsTest" time="14.674" classname="TestNGDemo.DragAndDropDemo1"/>
</testsuite> <!-- TestNGDemo.DragAndDropDemo1 -->
