<?xml version="1.0" encoding="UTF-8"?>
<!-- Generated by org.testng.reporters.JUnitReportReporter -->
<testsuite skipped="0" hostname="malli-PC" name="SeleniumRelated.PopupWindowDemo2" tests="1" failures="0" timestamp="11 May 2022 08:11:39 GMT" time="33.831" errors="0">
  <testcase name="popupTest" time="33.831" classname="SeleniumRelated.PopupWindowDemo2"/>
</testsuite> <!-- SeleniumRelated.PopupWindowDemo2 -->
