<?xml version="1.0" encoding="UTF-8"?>
<!-- Generated by org.testng.reporters.JUnitReportReporter -->
<testsuite skipped="0" hostname="malli-PC" name="TestNGDemo.TestNGDemo1" tests="3" failures="0" timestamp="14 May 2022 18:21:31 GMT" time="0.008" errors="0">
  <testcase name="funA" time="0.003" classname="TestNGDemo.TestNGDemo1"/>
  <testcase name="funB" time="0.003" classname="TestNGDemo.TestNGDemo1"/>
  <testcase name="funC" time="0.002" classname="TestNGDemo.TestNGDemo1"/>
</testsuite> <!-- TestNGDemo.TestNGDemo1 -->
