<?xml version="1.0" encoding="UTF-8"?>
<!-- Generated by org.testng.reporters.JUnitReportReporter -->
<testsuite skipped="0" hostname="malli-PC" name="TestNGDemo.ImplicitWaitDemo1" tests="1" failures="0" timestamp="16 May 2022 09:53:18 GMT" time="17.012" errors="0">
  <testcase name="TestonImplicitWait" time="17.012" classname="TestNGDemo.ImplicitWaitDemo1"/>
</testsuite> <!-- TestNGDemo.ImplicitWaitDemo1 -->
