<?xml version="1.0" encoding="UTF-8"?>
<!-- Generated by org.testng.reporters.JUnitReportReporter -->
<testsuite skipped="0" hostname="malli-PC" name="TestNGDemo.PopupWindow3" tests="1" failures="0" timestamp="11 May 2022 08:17:17 GMT" time="20.763" errors="0">
  <testcase name="TestOnPopWindow" time="20.763" classname="TestNGDemo.PopupWindow3"/>
</testsuite> <!-- TestNGDemo.PopupWindow3 -->
