<?xml version="1.0" encoding="UTF-8"?>
<!-- Generated by org.testng.reporters.JUnitReportReporter -->
<testsuite skipped="0" hostname="malli-PC" name="TestNGDemo.AlertDemo1" tests="1" failures="0" timestamp="24 May 2022 18:45:32 GMT" time="49.072" errors="0">
  <testcase name="TestAlert" time="49.072" classname="TestNGDemo.AlertDemo1"/>
</testsuite> <!-- TestNGDemo.AlertDemo1 -->
