<?xml version="1.0" encoding="UTF-8"?>
<!-- Generated by org.testng.reporters.JUnitReportReporter -->
<testsuite skipped="0" hostname="malli-PC" name="Migration.ButtonDemo2" tests="1" failures="0" timestamp="10 May 2022 08:12:05 GMT" time="13.010" errors="0">
  <testcase name="f" time="13.010" classname="Migration.ButtonDemo2"/>
</testsuite> <!-- Migration.ButtonDemo2 -->
