<?xml version="1.0" encoding="UTF-8"?>
<!-- Generated by org.testng.reporters.JUnitReportReporter -->
<testsuite skipped="0" hostname="malli-PC" name="TestNGDemo.CloseAndQuitDemo1" tests="1" failures="0" timestamp="16 May 2022 15:30:05 GMT" time="18.279" errors="0">
  <testcase name="CloseQuitTest" time="18.279" classname="TestNGDemo.CloseAndQuitDemo1"/>
</testsuite> <!-- TestNGDemo.CloseAndQuitDemo1 -->
