<?xml version="1.0" encoding="UTF-8"?>
<!-- Generated by org.testng.reporters.JUnitReportReporter -->
<testsuite skipped="0" hostname="malli-PC" name="DDFWDemos.DataProvider2" tests="1" failures="0" timestamp="24 May 2022 17:55:26 GMT" time="25.515" errors="0">
  <testcase name="funA" time="25.515" classname="DDFWDemos.DataProvider2"/>
</testsuite> <!-- DDFWDemos.DataProvider2 -->
