<?xml version="1.0" encoding="UTF-8"?>
<!-- Generated by org.testng.reporters.JUnitReportReporter -->
<testsuite skipped="0" hostname="malli-PC" name="TestNGDemo.TestNGGroupsDemo1" tests="4" failures="0" timestamp="13 May 2022 05:16:52 GMT" time="0.041" errors="0">
  <testcase name="funC" time="0.002" classname="TestNGDemo.TestNGGroupsDemo1"/>
  <testcase name="funA" time="0.030" classname="TestNGDemo.TestNGGroupsDemo1"/>
  <testcase name="funB" time="0.004" classname="TestNGDemo.TestNGGroupsDemo1"/>
  <testcase name="funD" time="0.005" classname="TestNGDemo.TestNGGroupsDemo1"/>
</testsuite> <!-- TestNGDemo.TestNGGroupsDemo1 -->
