<?xml version="1.0" encoding="UTF-8"?>
<!-- Generated by org.testng.reporters.JUnitReportReporter -->
<testsuite skipped="0" hostname="malli-PC" name="TestNGDemo.AutoITDemo1" tests="1" failures="0" timestamp="26 May 2022 12:35:21 GMT" time="18.019" errors="0">
  <testcase name="AutoItDemo" time="18.019" classname="TestNGDemo.AutoITDemo1"/>
</testsuite> <!-- TestNGDemo.AutoITDemo1 -->
