<?xml version="1.0" encoding="UTF-8"?>
<!-- Generated by org.testng.reporters.JUnitReportReporter -->
<testsuite skipped="0" hostname="malli-PC" name="TestNGDemo.PopupWindow2" tests="1" failures="0" timestamp="13 May 2022 05:01:38 GMT" time="24.873" errors="0">
  <testcase name="TestOnPopWindow" time="24.873" classname="TestNGDemo.PopupWindow2"/>
</testsuite> <!-- TestNGDemo.PopupWindow2 -->
