<?xml version="1.0" encoding="UTF-8"?>
<!-- Generated by org.testng.reporters.JUnitReportReporter -->
<testsuite skipped="0" hostname="malli-PC" name="TestNGDemo.DragAndDropDemo2" tests="1" failures="0" timestamp="16 May 2022 15:25:38 GMT" time="20.994" errors="0">
  <testcase name="TestDragDrop" time="20.994" classname="TestNGDemo.DragAndDropDemo2"/>
</testsuite> <!-- TestNGDemo.DragAndDropDemo2 -->
