<?xml version="1.0" encoding="UTF-8"?>
<!-- Generated by org.testng.reporters.JUnitReportReporter -->
<testsuite skipped="0" hostname="malli-PC" name="Migration.FaceBookFollow" tests="1" failures="0" timestamp="11 May 2022 17:49:46 GMT" time="17.964" errors="0">
  <testcase name="FaceBookFollow" time="17.964" classname="Migration.FaceBookFollow"/>
</testsuite> <!-- Migration.FaceBookFollow -->
