<?xml version="1.0" encoding="UTF-8"?>
<!-- Generated by org.testng.reporters.JUnitReportReporter -->
<testsuite skipped="0" hostname="malli-PC" name="TestNGDemo.POPUP2A" tests="1" failures="0" timestamp="30 May 2022 08:55:45 GMT" time="25.341" errors="0">
  <testcase name="f" time="25.341" classname="TestNGDemo.POPUP2A"/>
</testsuite> <!-- TestNGDemo.POPUP2A -->
