<?xml version="1.0" encoding="UTF-8"?>
<!-- Generated by org.testng.reporters.JUnitReportReporter -->
<testsuite skipped="0" hostname="malli-PC" name="DDFWDemos.InvocationCountDemo1" tests="3" failures="0" timestamp="24 May 2022 18:04:43 GMT" time="0.017" errors="0">
  <testcase name="funA" time="0.014" classname="DDFWDemos.InvocationCountDemo1"/>
  <testcase name="funA" time="0.002" classname="DDFWDemos.InvocationCountDemo1"/>
  <testcase name="funA" time="0.001" classname="DDFWDemos.InvocationCountDemo1"/>
</testsuite> <!-- DDFWDemos.InvocationCountDemo1 -->
