<?xml version="1.0" encoding="UTF-8"?>
<!-- Generated by org.testng.reporters.JUnitReportReporter -->
<testsuite skipped="0" hostname="malli-PC" name="DDFWDemos.DataProviderDemo1" tests="6" failures="0" timestamp="16 May 2022 11:32:46 GMT" time="0.015" errors="0">
  <testcase name="funB" time="0.002" classname="DDFWDemos.DataProviderDemo1"/>
  <testcase name="funA" time="0.000" classname="DDFWDemos.DataProviderDemo1"/>
  <testcase name="funA" time="0.000" classname="DDFWDemos.DataProviderDemo1"/>
  <testcase name="funB" time="0.003" classname="DDFWDemos.DataProviderDemo1"/>
  <testcase name="funA" time="0.010" classname="DDFWDemos.DataProviderDemo1"/>
  <testcase name="funB" time="0.000" classname="DDFWDemos.DataProviderDemo1"/>
</testsuite> <!-- DDFWDemos.DataProviderDemo1 -->
