<?xml version="1.0" encoding="UTF-8"?>
<!-- Generated by org.testng.reporters.JUnitReportReporter -->
<testsuite skipped="0" hostname="malli-PC" name="TestNGDemo.CloseAndQuitDemo2" tests="1" failures="0" timestamp="16 May 2022 15:36:39 GMT" time="21.945" errors="0">
  <testcase name="CloseQuitTest2" time="21.945" classname="TestNGDemo.CloseAndQuitDemo2"/>
</testsuite> <!-- TestNGDemo.CloseAndQuitDemo2 -->
