<?xml version="1.0" encoding="UTF-8"?>
<!-- Generated by org.testng.reporters.JUnitReportReporter -->
<testsuite skipped="0" hostname="malli-PC" name="Migration.ListOfCheckBoxs" tests="1" failures="0" timestamp="11 May 2022 18:58:44 GMT" time="40.369" errors="0">
  <testcase name="CheckBoxsTest" time="40.369" classname="Migration.ListOfCheckBoxs"/>
</testsuite> <!-- Migration.ListOfCheckBoxs -->
