<?xml version="1.0" encoding="UTF-8"?>
<!-- Generated by org.testng.reporters.JUnitReportReporter -->
<testsuite skipped="0" hostname="malli-PC" name="Migration.BrokenLinksDemo1" tests="1" failures="0" timestamp="27 May 2022 13:07:21 GMT" time="66.391" errors="0">
  <testcase name="BrokenLinks" time="66.391" classname="Migration.BrokenLinksDemo1"/>
</testsuite> <!-- Migration.BrokenLinksDemo1 -->
