<?xml version="1.0" encoding="UTF-8"?>
<!-- Generated by org.testng.reporters.JUnitReportReporter -->
<testsuite skipped="0" hostname="malli-PC" name="Migration.FindElementAndFindElementsDemo1" tests="1" failures="0" timestamp="11 May 2022 17:53:06 GMT" time="17.909" errors="0">
  <testcase name="FindElementAndFindElementsTest" time="17.909" classname="Migration.FindElementAndFindElementsDemo1"/>
</testsuite> <!-- Migration.FindElementAndFindElementsDemo1 -->
