<?xml version="1.0" encoding="UTF-8"?>
<!-- Generated by org.testng.reporters.JUnitReportReporter -->
<testsuite skipped="0" hostname="malli-PC" name="Migration.InputBoxTestGmail" tests="1" failures="0" timestamp="11 May 2022 18:49:54 GMT" time="26.719" errors="0">
  <testcase name="InputBoxTest" time="26.719" classname="Migration.InputBoxTestGmail"/>
</testsuite> <!-- Migration.InputBoxTestGmail -->
