<?xml version="1.0" encoding="UTF-8"?>
<!-- Generated by org.testng.reporters.JUnitReportReporter -->
<testsuite skipped="0" hostname="malli-PC" name="TestNGDemo.DropDownDemo1" tests="1" failures="0" timestamp="29 May 2022 09:55:49 GMT" time="24.205" errors="0">
  <testcase name="monthDropDown" time="24.205" classname="TestNGDemo.DropDownDemo1"/>
</testsuite> <!-- TestNGDemo.DropDownDemo1 -->
