<?xml version="1.0" encoding="UTF-8"?>
<!-- Generated by org.testng.reporters.JUnitReportReporter -->
<testsuite skipped="0" hostname="malli-PC" name="TestNGDemo.AnnotationsDemo2" tests="1" failures="0" timestamp="16 May 2022 10:01:44 GMT" time="0.010" errors="0">
  <testcase name="funA" time="0.010" classname="TestNGDemo.AnnotationsDemo2"/>
</testsuite> <!-- TestNGDemo.AnnotationsDemo2 -->
