<?xml version="1.0" encoding="UTF-8"?>
<!-- Generated by org.testng.reporters.JUnitReportReporter -->
<testsuite skipped="0" hostname="malli-PC" name="DesktopWindows.AutoITDemo2" tests="1" failures="0" timestamp="09 Jun 2022 05:08:57 GMT" time="69.253" errors="0">
  <testcase name="AutoItDemo" time="69.253" classname="DesktopWindows.AutoITDemo2"/>
</testsuite> <!-- DesktopWindows.AutoITDemo2 -->
