<?xml version="1.0" encoding="UTF-8"?>
<!-- Generated by org.testng.reporters.JUnitReportReporter -->
<testsuite skipped="0" hostname="malli-PC" name="Migration.InputBox2Facebook" tests="1" failures="0" timestamp="11 May 2022 18:24:33 GMT" time="11.023" errors="0">
  <testcase name="InputBox2FacebookTest" time="11.023" classname="Migration.InputBox2Facebook"/>
</testsuite> <!-- Migration.InputBox2Facebook -->
