<?xml version="1.0" encoding="UTF-8"?>
<!-- Generated by org.testng.reporters.JUnitReportReporter -->
<testsuite skipped="0" hostname="malli-PC" name="TestNGDemo.WebTableDemo2" tests="1" failures="0" timestamp="29 May 2022 07:06:35 GMT" time="27.790" errors="0">
  <testcase name="tetTable" time="27.790" classname="TestNGDemo.WebTableDemo2"/>
</testsuite> <!-- TestNGDemo.WebTableDemo2 -->
